This is pdfTeX, Version 3.141592653-2.6-1.40.24 (TeX Live 2022/Debian) (preloaded format=pdftex 2026.3.2)  2 MAR 2026 17:41
entering extended mode
 restricted \write18 enabled.
 %&-line parsing enabled.
**Nhat_CV.tex
(./Nhat_CV.tex
! Undefined control sequence.
l.1 \documentclass
                  [11pt]{article}
? 
! Undefined control sequence.
l.2 \usepackage
               [utf8]{inputenc}
? 
! Undefined control sequence.
l.3 \usepackage
               {hyperref}
? 
! Undefined control sequence.
l.4 \usepackage
               {fontawesome5} % Required for icons
? 
! Undefined control sequence.
l.6 \begin
          {document}
? 
! Undefined control sequence.
l.8 \title
          {[\href{https://github.com/neoslusion/my_cv/raw/main/LePhucDuc_CV....

? 
! Undefined control sequence.
l.8 \title{[\href
                 {https://github.com/neoslusion/my_cv/raw/main/LePhucDuc_CV....

? 
! Missing $ inserted.
<inserted text> 
                $
<to be read again> 
                   _
l.8 ...le{[\href{https://github.com/neoslusion/my_
                                                  cv/raw/main/LePhucDuc_CV.p...

? 
! Extra }, or forgotten $.
l.8 ...neoslusion/my_cv/raw/main/LePhucDuc_CV.pdf}
                                                  {Download CV}]}
? 
! Extra }, or forgotten $.
l.8 ...v/raw/main/LePhucDuc_CV.pdf}{Download CV}]}
                                                  
? 
! Missing $ inserted.
<inserted text> 
                $
<to be read again> 
                   \par 
l.9 
    
? 
! Undefined control sequence.
l.10 \begin
           {header-container}
? 
! Undefined control sequence.
l.11     \begin
               {header-left}
? 
! Undefined control sequence.
l.12         {\Huge
                    \textbf{Tran Anh Nhat}}
? 
! Undefined control sequence.
l.12         {\Huge \textbf
                           {Tran Anh Nhat}}
? 
[1{/var/lib/texmf/fonts/map/pdftex/updmap/pdftex.map}] )
(\end occurred inside a group at level 2)

### simple group (level 2) entered at line 8 ({)
### simple group (level 1) entered at line 8 ({)
### bottom level</usr/share/texlive/texmf-dist/fonts/type1/public/amsfonts/cm/c
mmi10.pfb></usr/share/texlive/texmf-dist/fonts/type1/public/amsfonts/cm/cmmi7.p
fb></usr/share/texlive/texmf-dist/fonts/type1/public/amsfonts/cm/cmr10.pfb>
Output written on Nhat_CV.pdf (1 page, 35489 bytes).
PDF statistics:
 20 PDF objects out of 1000 (max. 8388607)
 13 compressed objects within 1 object stream
 0 named destinations out of 1000 (max. 500000)
 1 words of extra memory for PDF output out of 10000 (max. 10000000)

